0 info it worked if it ends with ok
1 verbose cli [ '/usr/local/Cellar/node/0.8.17/bin/node',
1 verbose cli   '/usr/local/bin/npm',
1 verbose cli   'install',
1 verbose cli   '-g',
1 verbose cli   'haml-js' ]
2 info using npm@1.2.0
3 info using node@v0.8.17
4 verbose read json /usr/local/share/npm/lib/package.json
5 verbose read json /usr/local/share/npm/lib/package.json
6 verbose cache add [ 'haml-js', null ]
7 silly cache add name=undefined spec="haml-js" args=["haml-js",null]
8 verbose parsed url { pathname: 'haml-js', path: 'haml-js', href: 'haml-js' }
9 silly lockFile d402c7a0-haml-js haml-js
10 verbose lock haml-js /Users/jdpagano/.npm/d402c7a0-haml-js.lock
11 silly lockFile d402c7a0-haml-js haml-js
12 verbose addNamed [ 'haml-js', '' ]
13 verbose addNamed [ null, '' ]
14 silly lockFile 5b9df407-haml-js haml-js@
15 verbose lock haml-js@ /Users/jdpagano/.npm/5b9df407-haml-js.lock
16 silly addNameRange { name: 'haml-js', range: '', hasData: false }
17 verbose url raw haml-js
18 verbose url resolving [ 'https://registry.npmjs.org/', './haml-js' ]
19 verbose url resolved https://registry.npmjs.org/haml-js
20 info trying registry request attempt 1 at 10:45:38
21 http GET https://registry.npmjs.org/haml-js
22 http 404 https://registry.npmjs.org/haml-js
23 silly registry.get cb [ 404,
23 silly registry.get   { server: 'CouchDB/1.3.1 (Erlang OTP/R15B03)',
23 silly registry.get     date: 'Thu, 29 Aug 2013 14:40:34 GMT',
23 silly registry.get     'content-type': 'application/json',
23 silly registry.get     'content-length': '52',
23 silly registry.get     'cache-control': 'must-revalidate' } ]
24 silly lockFile 5b9df407-haml-js haml-js@
25 error 404 'haml-js' is not in the npm registry.
25 error 404 You should bug the author to publish it
25 error 404
25 error 404 Maybe try 'npm search haml'
25 error 404
25 error 404 Note that you can also install from a
25 error 404 tarball, folder, or http url, or git url.
26 error System Darwin 12.4.0
27 error command "/usr/local/Cellar/node/0.8.17/bin/node" "/usr/local/bin/npm" "install" "-g" "haml-js"
28 error cwd /Users/jdpagano/src/nodejs/views
29 error node -v v0.8.17
30 error npm -v 1.2.0
31 error code E404
32 verbose exit [ 1, true ]
